<?xml version="1.0" encoding="UTF-8"?>
<testng-results ignored="0" total="1" passed="1" failed="0" skipped="0">
  <reporter-output>
  </reporter-output>
  <suite started-at="2022-01-25T10:53:41 IST" name="Command line suite" finished-at="2022-01-25T10:53:41 IST" duration-ms="6">
    <groups>
    </groups>
    <test started-at="2022-01-25T10:53:41 IST" name="Command line test" finished-at="2022-01-25T10:53:41 IST" duration-ms="6">
      <class name="com.testing.E_Commerce.AppTest">
        <test-method signature="testApp()[pri:0, instance:testApp(com.testing.E_Commerce.AppTest)]" started-at="2022-01-25T10:53:41 IST" name="testApp" finished-at="2022-01-25T10:53:41 IST" duration-ms="1" status="PASS">
          <reporter-output>
          </reporter-output>
        </test-method> <!-- testApp -->
      </class> <!-- com.testing.E_Commerce.AppTest -->
    </test> <!-- Command line test -->
  </suite> <!-- Command line suite -->
</testng-results>
