<?xml version="1.0" encoding="UTF-8"?>
<testng-results ignored="0" total="1" passed="1" failed="0" skipped="0">
  <reporter-output>
  </reporter-output>
  <suite started-at="2022-01-27T11:12:27 IST" name="Surefire suite" finished-at="2022-01-27T11:12:27 IST" duration-ms="6">
    <groups>
    </groups>
    <test started-at="2022-01-27T11:12:27 IST" name="Surefire test" finished-at="2022-01-27T11:12:27 IST" duration-ms="6">
      <class name="com.testing.E_Commerce.AppTest">
        <test-method signature="testApp()[pri:0, instance:testApp(com.testing.E_Commerce.AppTest)]" started-at="2022-01-27T11:12:27 IST" name="testApp" finished-at="2022-01-27T11:12:27 IST" duration-ms="0" status="PASS">
          <reporter-output>
          </reporter-output>
        </test-method> <!-- testApp -->
      </class> <!-- com.testing.E_Commerce.AppTest -->
    </test> <!-- Surefire test -->
  </suite> <!-- Surefire suite -->
</testng-results>
