<?xml version="1.0" encoding="UTF-8"?>
<!-- Generated by org.testng.reporters.JUnitXMLReporter -->
<testsuite ignored="1" hostname="LAPTOP-LUOM9UGK" failures="0" tests="1" name="Default test" time="29.6" errors="0" timestamp="2022-01-21T10:03:38 IST">
  <testcase classname="com.testing.E_Commerce.TestCase1" name="loginAndCheckoutUsingBankTransfer" time="24.074"/>
  <testcase classname="com.testing.E_Commerce.TestCase1" name="checkoutUsingBankTransfer" time="0.0">
    <ignored/>
  </testcase> <!-- checkoutUsingBankTransfer -->
</testsuite> <!-- Default test -->
