<?xml version="1.0" encoding="UTF-8"?>
<!-- Generated by org.testng.reporters.JUnitXMLReporter -->
<testsuite ignored="1" hostname="LAPTOP-LUOM9UGK" failures="0" tests="1" name="Default test" time="13.341" errors="0" timestamp="2022-01-25T11:54:21 IST">
  <testcase classname="com.testing.E_Commerce.TestCase1" name="checkoutUsingBankTransfer" time="9.636"/>
  <testcase classname="com.testing.E_Commerce.TestCase1" name="loginAndCheckoutUsingBankTransfer" time="0.0">
    <ignored/>
  </testcase> <!-- loginAndCheckoutUsingBankTransfer -->
</testsuite> <!-- Default test -->
