<?xml version="1.0" encoding="UTF-8"?>
<!-- Generated by org.testng.reporters.JUnitXMLReporter -->
<testsuite ignored="0" hostname="LAPTOP-LUOM9UGK" failures="0" tests="2" name="Regression2" time="23.934" errors="0" timestamp="2022-01-31T09:59:13 IST">
  <testcase classname="com.testing.E_Commerce.TestCase1" name="loginAndCheckoutUsingBankTransfer" time="12.922"/>
  <testcase classname="com.testing.E_Commerce.TestCase1" name="checkoutUsingBankTransfer" time="11.144"/>
</testsuite> <!-- Regression2 -->
