<?xml version="1.0" encoding="UTF-8"?>
<!-- Generated by org.testng.reporters.JUnitXMLReporter -->
<testsuite ignored="0" hostname="LAPTOP-LUOM9UGK" failures="0" tests="2" name="Regression1" time="27.777" errors="0" timestamp="2022-01-27T11:16:24 IST">
  <testcase classname="com.testing.E_Commerce.TestCase1" name="checkoutUsingBankTransfer" time="12.92"/>
  <testcase classname="com.testing.E_Commerce.TestCase1" name="loginAndCheckoutUsingBankTransfer" time="11.54"/>
</testsuite> <!-- Regression1 -->
