<?xml version="1.0" encoding="UTF-8"?>
<testng-results ignored="2" total="4" passed="2" failed="0" skipped="0">
  <reporter-output>
  </reporter-output>
  <suite started-at="2022-01-25T11:00:39 IST" name="Command line suite" finished-at="2022-01-25T11:01:01 IST" duration-ms="21934">
    <groups>
    </groups>
    <test started-at="2022-01-25T11:00:39 IST" name="Command line test" finished-at="2022-01-25T11:01:01 IST" duration-ms="21934">
      <class name="com.testing.E_Commerce.TestCase1">
        <test-method is-config="true" signature="startDriver()[pri:0, instance:com.testing.E_Commerce.TestCase1@682b2fa]" started-at="2022-01-25T11:00:39 IST" name="startDriver" finished-at="2022-01-25T11:00:41 IST" duration-ms="2120" status="PASS">
          <reporter-output>
          </reporter-output>
        </test-method> <!-- startDriver -->
        <test-method signature="checkoutUsingBankTransfer()[pri:0, instance:com.testing.E_Commerce.TestCase1@682b2fa]" started-at="2022-01-25T11:00:41 IST" name="checkoutUsingBankTransfer" finished-at="2022-01-25T11:00:50 IST" duration-ms="9065" status="PASS">
          <reporter-output>
          </reporter-output>
        </test-method> <!-- checkoutUsingBankTransfer -->
        <test-method signature="loginAndCheckoutUsingBankTransfer()[pri:0, instance:com.testing.E_Commerce.TestCase1@682b2fa]" started-at="2022-01-25T11:00:50 IST" name="loginAndCheckoutUsingBankTransfer" finished-at="2022-01-25T11:01:00 IST" duration-ms="9595" status="PASS">
          <reporter-output>
          </reporter-output>
        </test-method> <!-- loginAndCheckoutUsingBankTransfer -->
        <test-method is-config="true" signature="tearDown()[pri:0, instance:com.testing.E_Commerce.TestCase1@682b2fa]" started-at="2022-01-25T11:01:00 IST" name="tearDown" finished-at="2022-01-25T11:01:01 IST" duration-ms="1134" status="PASS">
          <reporter-output>
          </reporter-output>
        </test-method> <!-- tearDown -->
      </class> <!-- com.testing.E_Commerce.TestCase1 -->
    </test> <!-- Command line test -->
  </suite> <!-- Command line suite -->
</testng-results>
