<?xml version="1.0" encoding="UTF-8"?>
<!-- Generated by org.testng.reporters.JUnitXMLReporter -->
<testsuite ignored="2" hostname="LAPTOP-LUOM9UGK" failures="0" tests="2" name="Command line test" time="21.934" errors="0" timestamp="2022-01-25T11:01:01 IST">
  <testcase classname="com.testing.E_Commerce.TestCase1" name="checkoutUsingBankTransfer" time="9.065"/>
  <testcase classname="com.testing.E_Commerce.TestCase1" name="loginAndCheckoutUsingBankTransfer" time="9.595"/>
  <testcase classname="com.testing.POM.BaseTest" name="@AfterTest tearDown" time="0.0">
    <ignored/>
  </testcase> <!-- @AfterTest tearDown -->
  <testcase classname="com.testing.POM.BaseTest" name="@BeforeTest startDriver" time="0.0">
    <ignored/>
  </testcase> <!-- @BeforeTest startDriver -->
</testsuite> <!-- Command line test -->
