<?xml version="1.0" encoding="UTF-8"?>
<testsuite xmlns:xsi="http://www.w3.org/2001/XMLSchema-instance" xsi:noNamespaceSchemaLocation="https://maven.apache.org/surefire/maven-surefire-plugin/xsd/surefire-test-report-3.0.xsd" version="3.0" name="TestSuite" time="3.589" tests="3" errors="0" skipped="0" failures="2">
  <properties>
[...]
</properties>
  <testcase name="checkoutUsingBankTransfer" classname="com.testing.E_Commerce.TestCase1" time="0.001">
    <failure type="java.lang.NullPointerException"><![CDATA[java.lang.NullPointerException
	at com.testing.E_Commerce.TestCase1.checkoutUsingBankTransfer(TestCase1.java:28)
]]></failure>
    <system-out><![CDATA[Current Thread 1
Driver ChromeDriver: chrome on WINDOWS (808897eb99c3a69d99fd99eadd3a4432)
]]></system-out>
    <system-err><![CDATA[SLF4J: Failed to load class "org.slf4j.impl.StaticLoggerBinder".
SLF4J: Defaulting to no-operation (NOP) logger implementation
SLF4J: See http://www.slf4j.org/codes.html#StaticLoggerBinder for further details.
Starting ChromeDriver 97.0.4692.71 (adefa7837d02a07a604c1e6eff0b3a09422ab88d-refs/branch-heads/4692@{#1247}) on port 49557
Only local connections are allowed.
Please see https://chromedriver.chromium.org/security-considerations for suggestions on keeping ChromeDriver safe.
ChromeDriver was started successfully.
Jan 27, 2022 11:12:26 AM org.openqa.selenium.remote.ProtocolHandshake createSession
INFO: Detected dialect: W3C
Jan 27, 2022 11:12:26 AM org.openqa.selenium.devtools.CdpVersionFinder findNearestMatch
WARNING: Unable to find an exact match for CDP version 97, so returning the closest version found: 96
Jan 27, 2022 11:12:26 AM org.openqa.selenium.devtools.CdpVersionFinder findNearestMatch
INFO: Found CDP implementation for version 97 of 96
]]></system-err>
  </testcase>
  <testcase name="loginAndCheckoutUsingBankTransfer" classname="com.testing.E_Commerce.TestCase1" time="0.001">
    <failure type="java.lang.NullPointerException"><![CDATA[java.lang.NullPointerException
	at com.testing.E_Commerce.TestCase1.loginAndCheckoutUsingBankTransfer(TestCase1.java:56)
]]></failure>
  </testcase>
  <testcase name="testApp on testApp(com.testing.E_Commerce.AppTest)" classname="com.testing.E_Commerce.AppTest" time="1.187">
    <system-out><![CDATA[Current Thread 1
Driver ChromeDriver: chrome on WINDOWS (808897eb99c3a69d99fd99eadd3a4432)
]]></system-out>
  </testcase>
</testsuite>