-------------------------------------------------------------------------------
Test set: TestSuite
-------------------------------------------------------------------------------
Tests run: 3, Failures: 2, Errors: 0, Skipped: 0, Time elapsed: 3.589 s <<< FAILURE! - in TestSuite
com.testing.E_Commerce.TestCase1.checkoutUsingBankTransfer  Time elapsed: 0.001 s  <<< FAILURE!
java.lang.NullPointerException
	at com.testing.E_Commerce.TestCase1.checkoutUsingBankTransfer(TestCase1.java:28)

com.testing.E_Commerce.TestCase1.loginAndCheckoutUsingBankTransfer  Time elapsed: 0.001 s  <<< FAILURE!
java.lang.NullPointerException
	at com.testing.E_Commerce.TestCase1.loginAndCheckoutUsingBankTransfer(TestCase1.java:56)

