<?xml version="1.0" encoding="UTF-8"?>
<testsuite xmlns:xsi="http://www.w3.org/2001/XMLSchema-instance" xsi:noNamespaceSchemaLocation="https://maven.apache.org/surefire/maven-surefire-plugin/xsd/surefire-test-report-3.0.xsd" version="3.0" name="TestSuite" time="17.528" tests="3" errors="0" skipped="0" failures="2">
  <properties>
[...]
</properties>
  <testcase name="loginAndCheckoutUsingBankTransfer" classname="com.testing.E_Commerce.TestCase1" time="4.196">
    <failure type="junit.framework.AssertionFailedError"><![CDATA[junit.framework.AssertionFailedError
	at com.testing.E_Commerce.TestCase1.loginAndCheckoutUsingBankTransfer(TestCase1.java:63)
]]></failure>
    <system-out><![CDATA[Current Thread 16
Driver FirefoxDriver: firefox on WINDOWS (7d2442a4-5132-4363-87c1-9f4f3a817fb0)
Current Thread 15
Driver FirefoxDriver: firefox on WINDOWS (5909d76f-58f3-4b67-9ae4-c95ed4bfcc35)
]]></system-out>
    <system-err><![CDATA[SLF4J: Failed to load class "org.slf4j.impl.StaticLoggerBinder".
SLF4J: Defaulting to no-operation (NOP) logger implementation
SLF4J: See http://www.slf4j.org/codes.html#StaticLoggerBinder for further details.
11664433334400224444007766		gegcekcokdordirvievrer		INIFON	FLiOs	tLeniisntge noni n1g2 7.o0n.0 .11:2573.1402.
0.1:55113
116436344303244052347583	7m7o	zmrouznrnuenrn:e:rr:u:nrnuenrn	eIrN	FION	FROu	nRnuinnngi ncgo mcmoamnmda:n d":C :"\C\:P\r\oPgrroagmr aFmi lFeisl\e\sM\o\zMiolzlial lFai rFeifroxe\f\ofxir\e\fofxi.erxee"f "o-x-m.arexieon"e tt"e"- -"m-a-rrieomnoteet-tdee"b u"g-g-irnegm-optoer-td"e b"u5g3g0i0n0g"- "p-noor-tr"e m"o5t3e6"4 2"-"pr o"f-inloe-"r e"Cm:o\t\eU"s e"r-sp\\rVoalflii\l\Aepp"D a"Ct:a\\\\LUosecrasl\\\\TeVmpa\l\rlusit\_\moAzppropfDilaePtyauW\a0\"L
ocal\\Temp\\rust_mozprofilevtEGsx"
1166443333440024264068048	4M	aMrairioonneettttee		IINNFFOO		MMaarriioonneettttee  eennaabblleedd

console.warn: SearchSettings: "get: No settings file exists, new profile?" (new NotFoundError("Could not open the file at C:\\Users\\Valli\\AppData\\Local\\Temp\\rust_mozprofilePyuWa0\\search.json.mozlz4", (void 0)))
console.warn: SearchSettings: "get: No settings file exists, new profile?" (new NotFoundError("Could not open the file at C:\\Users\\Valli\\AppData\\Local\\Temp\\rust_mozprofilevtEGsx\\search.json.mozlz4", (void 0)))
DevTools listening on ws://localhost:53000/devtools/browser/3b6e178d-1c5e-4d1e-9a71-1ff84938391f
DevTools listening on ws://localhost:53642/devtools/browser/fe763a5a-4891-4c82-b4b3-3f088963056e
1643340249387	Marionette	INFO	Listening on port 50854
1643340249411	Marionette	INFO	Listening on port 50855
1643340249592	RemoteAgent	WARN	TLS certificate errors will be ignored for this session
1643340249593	RemoteAgent	WARN	TLS certificate errors will be ignored for this session
Jan 28, 2022 8:54:09 AM org.openqa.selenium.remote.ProtocolHandshake createSession
INFO: Detected dialect: W3C
Jan 28, 2022 8:54:09 AM org.openqa.selenium.remote.ProtocolHandshake createSession
INFO: Detected dialect: W3C
console.warn: LoginRecipes: "getRecipes: falling back to a synchronous message for:" "https://askomdch.com"
]]></system-err>
  </testcase>
  <testcase name="checkoutUsingBankTransfer" classname="com.testing.E_Commerce.TestCase1" time="6.422">
    <failure message="Unable to locate element: .woocommerce-products-header__title&#10;For documentation on this error, please visit: https://selenium.dev/exceptions/#no_such_element&#10;Build info: version: &apos;4.1.1&apos;, revision: &apos;e8fcc2cecf&apos;&#10;System info: host: &apos;LAPTOP-LUOM9UGK&apos;, ip: &apos;192.168.56.1&apos;, os.name: &apos;Windows 10&apos;, os.arch: &apos;amd64&apos;, os.version: &apos;10.0&apos;, java.version: &apos;11.0.13&apos;&#10;Driver info: org.openqa.selenium.firefox.FirefoxDriver&#10;Command: [5909d76f-58f3-4b67-9ae4-c95ed4bfcc35, findElement {using=css selector, value=.woocommerce-products-header__title}]&#10;Capabilities {acceptInsecureCerts: true, browserName: firefox, browserVersion: 96.0.2, javascriptEnabled: true, moz:accessibilityChecks: false, moz:buildID: 20220119190439, moz:debuggerAddress: localhost:53000, moz:geckodriverVersion: 0.30.0, moz:headless: false, moz:processID: 14284, moz:profile: C:\Users\Valli\AppData\Loca..., moz:shutdownTimeout: 60000, moz:useNonSpecCompliantPointerOrigin: false, moz:webdriverClick: true, pageLoadStrategy: normal, platform: WINDOWS, platformName: WINDOWS, platformVersion: 10.0, proxy: Proxy(), se:cdp: ws://localhost:53000/devtoo..., se:cdpVersion: 85, setWindowRect: true, strictFileInteractability: false, timeouts: {implicit: 0, pageLoad: 300000, script: 30000}, unhandledPromptBehavior: dismiss and notify}&#10;Session ID: 5909d76f-58f3-4b67-9ae4-c95ed4bfcc35" type="org.openqa.selenium.NoSuchElementException"><![CDATA[org.openqa.selenium.NoSuchElementException: 
Unable to locate element: .woocommerce-products-header__title
For documentation on this error, please visit: https://selenium.dev/exceptions/#no_such_element
Build info: version: '4.1.1', revision: 'e8fcc2cecf'
System info: host: 'LAPTOP-LUOM9UGK', ip: '192.168.56.1', os.name: 'Windows 10', os.arch: 'amd64', os.version: '10.0', java.version: '11.0.13'
Driver info: org.openqa.selenium.firefox.FirefoxDriver
Command: [5909d76f-58f3-4b67-9ae4-c95ed4bfcc35, findElement {using=css selector, value=.woocommerce-products-header__title}]
Capabilities {acceptInsecureCerts: true, browserName: firefox, browserVersion: 96.0.2, javascriptEnabled: true, moz:accessibilityChecks: false, moz:buildID: 20220119190439, moz:debuggerAddress: localhost:53000, moz:geckodriverVersion: 0.30.0, moz:headless: false, moz:processID: 14284, moz:profile: C:\Users\Valli\AppData\Loca..., moz:shutdownTimeout: 60000, moz:useNonSpecCompliantPointerOrigin: false, moz:webdriverClick: true, pageLoadStrategy: normal, platform: WINDOWS, platformName: WINDOWS, platformVersion: 10.0, proxy: Proxy(), se:cdp: ws://localhost:53000/devtoo..., se:cdpVersion: 85, setWindowRect: true, strictFileInteractability: false, timeouts: {implicit: 0, pageLoad: 300000, script: 30000}, unhandledPromptBehavior: dismiss and notify}
Session ID: 5909d76f-58f3-4b67-9ae4-c95ed4bfcc35
	at com.testing.E_Commerce.TestCase1.checkoutUsingBankTransfer(TestCase1.java:37)
]]></failure>
    <system-out><![CDATA[Current Thread 16
Driver FirefoxDriver: firefox on WINDOWS (7d2442a4-5132-4363-87c1-9f4f3a817fb0)
]]></system-out>
    <system-err><![CDATA[console.warn: LoginRecipes: "getRecipes: falling back to a synchronous message for:" "https://askomdch.com"
1643340254661	Marionette	INFO	Stopped listening on port 50855
console.warn: LoginRecipes: "getRecipes: falling back to a synchronous message for:" "https://askomdch.com"
console.warn: LoginRecipes: "getRecipes: falling back to a synchronous message for:" "https://askomdch.com"

###!!! [Parent][RunMessage] Error: Channel closing: too late to send/recv, messages will be lost

]]></system-err>
  </testcase>
  <testcase name="testApp on testApp(com.testing.E_Commerce.AppTest)" classname="com.testing.E_Commerce.AppTest" time="8.144">
    <system-out><![CDATA[Current Thread 15
Driver FirefoxDriver: firefox on WINDOWS (5909d76f-58f3-4b67-9ae4-c95ed4bfcc35)
]]></system-out>
    <system-err><![CDATA[1643340256777	Marionette	INFO	Stopped listening on port 50854

###!!! [Child][MessageChannel] Error: (msgtype=0x7E0001,name=PRemoteSpellcheckEngine::Msg___delete__) Channel closing: too late to send/recv, messages will be lost

]]></system-err>
  </testcase>
</testsuite>