<?xml version="1.0" encoding="UTF-8"?>
<testng-results ignored="1" total="2" passed="0" failed="1" skipped="0">
  <reporter-output>
  </reporter-output>
  <suite started-at="2022-01-20T10:38:07 IST" name="Default suite" finished-at="2022-01-20T10:38:12 IST" duration-ms="5300">
    <groups>
    </groups>
    <test started-at="2022-01-20T10:38:07 IST" name="Default test" finished-at="2022-01-20T10:38:12 IST" duration-ms="5300">
      <class name="com.testing.E_Commerce.TestCase1">
        <test-method is-config="true" signature="startDriver()[pri:0, instance:com.testing.E_Commerce.TestCase1@3a44431a]" started-at="2022-01-20T10:38:07 IST" name="startDriver" finished-at="2022-01-20T10:38:11 IST" duration-ms="4258" status="PASS">
          <reporter-output>
          </reporter-output>
        </test-method> <!-- startDriver -->
        <test-method signature="checkoutUsingBankTransfer()[pri:0, instance:com.testing.E_Commerce.TestCase1@3a44431a]" started-at="2022-01-20T10:38:11 IST" name="checkoutUsingBankTransfer" finished-at="2022-01-20T10:38:11 IST" duration-ms="270" status="FAIL">
          <exception class="java.lang.IllegalArgumentException">
            <message>
              <![CDATA[argument "src" is null]]>
            </message>
            <full-stacktrace>
              <![CDATA[java.lang.IllegalArgumentException: argument "src" is null
at com.fasterxml.jackson.databind.ObjectMapper._assertNotNull(ObjectMapper.java:4829)
at com.fasterxml.jackson.databind.ObjectMapper.readValue(ObjectMapper.java:3665)
at com.testing.Utilities.JacksonUtilities.deserializeJson(JacksonUtilities.java:17)
at com.testing.E_Commerce.TestCase1.checkoutUsingBankTransfer(TestCase1.java:44)
at java.base/jdk.internal.reflect.NativeMethodAccessorImpl.invoke0(Native Method)
at java.base/jdk.internal.reflect.NativeMethodAccessorImpl.invoke(NativeMethodAccessorImpl.java:62)
at java.base/jdk.internal.reflect.DelegatingMethodAccessorImpl.invoke(DelegatingMethodAccessorImpl.java:43)
at java.base/java.lang.reflect.Method.invoke(Method.java:566)
at org.testng.internal.MethodInvocationHelper.invokeMethod(MethodInvocationHelper.java:133)
at org.testng.internal.TestInvoker.invokeMethod(TestInvoker.java:598)
at org.testng.internal.TestInvoker.invokeTestMethod(TestInvoker.java:173)
at org.testng.internal.MethodRunner.runInSequence(MethodRunner.java:46)
at org.testng.internal.TestInvoker$MethodInvocationAgent.invoke(TestInvoker.java:824)
at org.testng.internal.TestInvoker.invokeTestMethods(TestInvoker.java:146)
at org.testng.internal.TestMethodWorker.invokeTestMethods(TestMethodWorker.java:146)
at org.testng.internal.TestMethodWorker.run(TestMethodWorker.java:128)
at java.base/java.util.ArrayList.forEach(ArrayList.java:1541)
at org.testng.TestRunner.privateRun(TestRunner.java:794)
at org.testng.TestRunner.run(TestRunner.java:596)
at org.testng.SuiteRunner.runTest(SuiteRunner.java:377)
at org.testng.SuiteRunner.runSequentially(SuiteRunner.java:371)
at org.testng.SuiteRunner.privateRun(SuiteRunner.java:332)
at org.testng.SuiteRunner.run(SuiteRunner.java:276)
at org.testng.SuiteRunnerWorker.runSuite(SuiteRunnerWorker.java:53)
at org.testng.SuiteRunnerWorker.run(SuiteRunnerWorker.java:96)
at org.testng.TestNG.runSuitesSequentially(TestNG.java:1212)
at org.testng.TestNG.runSuitesLocally(TestNG.java:1134)
at org.testng.TestNG.runSuites(TestNG.java:1063)
at org.testng.TestNG.run(TestNG.java:1031)
at org.testng.remote.AbstractRemoteTestNG.run(AbstractRemoteTestNG.java:115)
at org.testng.remote.RemoteTestNG.initAndRun(RemoteTestNG.java:251)
at org.testng.remote.RemoteTestNG.main(RemoteTestNG.java:77)
]]>
            </full-stacktrace>
          </exception> <!-- java.lang.IllegalArgumentException -->
          <reporter-output>
          </reporter-output>
        </test-method> <!-- checkoutUsingBankTransfer -->
        <test-method is-config="true" signature="tearDown()[pri:0, instance:com.testing.E_Commerce.TestCase1@3a44431a]" started-at="2022-01-20T10:38:11 IST" name="tearDown" finished-at="2022-01-20T10:38:12 IST" duration-ms="705" status="PASS">
          <reporter-output>
          </reporter-output>
        </test-method> <!-- tearDown -->
      </class> <!-- com.testing.E_Commerce.TestCase1 -->
    </test> <!-- Default test -->
  </suite> <!-- Default suite -->
</testng-results>
