<?xml version="1.0" encoding="UTF-8"?>
<testng-results ignored="1" total="2" passed="1" failed="0" skipped="0">
  <reporter-output>
  </reporter-output>
  <suite started-at="2022-01-21T10:03:09 IST" name="Default suite" finished-at="2022-01-21T10:03:38 IST" duration-ms="29600">
    <groups>
    </groups>
    <test started-at="2022-01-21T10:03:09 IST" name="Default test" finished-at="2022-01-21T10:03:38 IST" duration-ms="29600">
      <class name="com.testing.E_Commerce.TestCase1">
        <test-method is-config="true" signature="startDriver()[pri:0, instance:com.testing.E_Commerce.TestCase1@3ee37e5a]" started-at="2022-01-21T10:03:09 IST" name="startDriver" finished-at="2022-01-21T10:03:13 IST" duration-ms="4607" status="PASS">
          <reporter-output>
          </reporter-output>
        </test-method> <!-- startDriver -->
        <test-method signature="loginAndCheckoutUsingBankTransfer()[pri:0, instance:com.testing.E_Commerce.TestCase1@3ee37e5a]" started-at="2022-01-21T10:03:13 IST" name="loginAndCheckoutUsingBankTransfer" finished-at="2022-01-21T10:03:37 IST" duration-ms="24074" status="PASS">
          <reporter-output>
          </reporter-output>
        </test-method> <!-- loginAndCheckoutUsingBankTransfer -->
        <test-method is-config="true" signature="tearDown()[pri:0, instance:com.testing.E_Commerce.TestCase1@3ee37e5a]" started-at="2022-01-21T10:03:37 IST" name="tearDown" finished-at="2022-01-21T10:03:38 IST" duration-ms="837" status="PASS">
          <reporter-output>
          </reporter-output>
        </test-method> <!-- tearDown -->
      </class> <!-- com.testing.E_Commerce.TestCase1 -->
    </test> <!-- Default test -->
  </suite> <!-- Default suite -->
</testng-results>
